[0m17:36:55.387468 [debug] [MainThread]: Sending event: {'category': 'dbt', 'action': 'invocation', 'label': 'start', 'context': [<snowplow_tracker.self_describing_json.SelfDescribingJson object at 0x1031de660>, <snowplow_tracker.self_describing_json.SelfDescribingJson object at 0x105785d00>, <snowplow_tracker.self_describing_json.SelfDescribingJson object at 0x103266870>]}


============================== 17:36:55.409918 | 51264cb8-0049-4258-be89-145dd679936c ==============================
[0m17:36:55.409918 [info ] [MainThread]: Running with dbt=1.11.11
[0m17:36:55.410270 [debug] [MainThread]: running dbt with arguments {'warn_error': 'None', 'log_format': 'default', 'static_parser': 'True', 'write_json': 'True', 'debug': 'False', 'log_cache_events': 'False', 'quiet': 'False', 'introspect': 'True', 'send_anonymous_usage_stats': 'True', 'fail_fast': 'False', 'warn_error_options': 'WarnErrorOptionsV2(error=[], warn=[], silence=[])', 'partial_parse': 'True', 'invocation_command': 'dbt init', 'log_path': 'logs', 'empty': 'None', 'profiles_dir': '/Users/ajayrajst/.dbt', 'cache_selected_only': 'False', 'no_print': 'None', 'target_path': 'None', 'use_colors': 'True', 'version_check': 'True', 'printer_width': '80', 'indirect_selection': 'eager', 'use_experimental_parser': 'False'}
[0m17:36:55.448976 [info ] [MainThread]: Creating dbt configuration folder at /Users/ajayrajst/.dbt
[0m17:37:50.646626 [debug] [MainThread]: Starter project path: /Users/ajayrajst/Desktop/AWS_DBT_Snowflake/.venv/lib/python3.12/site-packages/dbt/include/starter_project
[0m17:37:50.667560 [info ] [MainThread]: 
Your new dbt project "aws_dbt_snowflake_project" was created!

For more information on how to configure the profiles.yml file,
please consult the dbt documentation here:

  https://docs.getdbt.com/docs/configure-your-profile

One more thing:

Need help? Don't hesitate to reach out to us via GitHub issues or on Slack:

  https://community.getdbt.com/

Happy modeling!

[0m17:37:50.673749 [info ] [MainThread]: Setting up your profile.
[0m17:38:20.256658 [debug] [MainThread]: Snowflake adapter: Setting snowflake.connector to ERROR (file logging only)
[0m17:38:20.257170 [debug] [MainThread]: Snowflake adapter: Setting botocore to ERROR (file logging only)
[0m17:38:20.257342 [debug] [MainThread]: Snowflake adapter: Setting boto3 to ERROR (file logging only)
[0m17:42:34.927020 [info ] [MainThread]: Profile aws_dbt_snowflake_project written to /Users/ajayrajst/.dbt/profiles.yml using target's profile_template.yml and your supplied values. Run 'dbt debug' to validate the connection.
[0m17:42:35.498938 [debug] [MainThread]: Resource report: {"command_name": "init", "command_success": true, "command_wall_clock_time": 340.1786, "process_in_blocks": "0", "process_kernel_time": 0.767244, "process_mem_max_rss": "138297344", "process_out_blocks": "0", "process_user_time": 2.624962}
[0m17:42:35.505849 [debug] [MainThread]: Command `dbt init` succeeded at 17:42:35.505285 after 340.19 seconds
[0m17:42:35.507117 [debug] [MainThread]: Sending event: {'category': 'dbt', 'action': 'invocation', 'label': 'end', 'context': [<snowplow_tracker.self_describing_json.SelfDescribingJson object at 0x105785d00>, <snowplow_tracker.self_describing_json.SelfDescribingJson object at 0x105a5b0e0>, <snowplow_tracker.self_describing_json.SelfDescribingJson object at 0x106595100>]}
[0m17:42:35.508294 [debug] [MainThread]: Flushing usage events
[0m17:42:37.810206 [debug] [MainThread]: An error was encountered while trying to flush usage events
[0m18:24:41.661406 [debug] [MainThread]: Sending event: {'category': 'dbt', 'action': 'invocation', 'label': 'start', 'context': [<snowplow_tracker.self_describing_json.SelfDescribingJson object at 0x104e18bf0>, <snowplow_tracker.self_describing_json.SelfDescribingJson object at 0x1079b3e90>, <snowplow_tracker.self_describing_json.SelfDescribingJson object at 0x1079b3b90>]}


============================== 18:24:41.664601 | 63839d4e-0d81-40cc-908e-dc37cb832b6b ==============================
[0m18:24:41.664601 [info ] [MainThread]: Running with dbt=1.11.11
[0m18:24:41.665113 [debug] [MainThread]: running dbt with arguments {'profiles_dir': '/Users/ajayrajst/.dbt', 'use_experimental_parser': 'False', 'send_anonymous_usage_stats': 'True', 'quiet': 'False', 'static_parser': 'True', 'invocation_command': 'dbt run --select models/demo', 'target_path': 'None', 'introspect': 'True', 'cache_selected_only': 'False', 'warn_error': 'None', 'log_format': 'default', 'write_json': 'True', 'printer_width': '80', 'partial_parse': 'True', 'log_path': 'logs', 'version_check': 'True', 'use_colors': 'True', 'fail_fast': 'False', 'log_cache_events': 'False', 'no_print': 'None', 'debug': 'False', 'indirect_selection': 'eager', 'empty': 'False', 'warn_error_options': 'WarnErrorOptionsV2(error=[], warn=[], silence=[])'}
[0m18:24:41.665464 [error] [MainThread]: Encountered an error:
Runtime Error
  No dbt_project.yml found at expected path /Users/ajayrajst/Desktop/AWS_DBT_Snowflake/dbt_project.yml
  Verify that each entry within packages.yml (and their transitive dependencies) contains a file named dbt_project.yml
  
[0m18:24:41.666836 [debug] [MainThread]: Resource report: {"command_name": "run", "command_success": false, "command_wall_clock_time": 0.0681925, "process_in_blocks": "0", "process_kernel_time": 0.120774, "process_mem_max_rss": "107921408", "process_out_blocks": "0", "process_user_time": 0.703318}
[0m18:24:41.667127 [debug] [MainThread]: Command `dbt run` failed at 18:24:41.667066 after 0.07 seconds
[0m18:24:41.667309 [debug] [MainThread]: Sending event: {'category': 'dbt', 'action': 'invocation', 'label': 'end', 'context': [<snowplow_tracker.self_describing_json.SelfDescribingJson object at 0x1079009e0>, <snowplow_tracker.self_describing_json.SelfDescribingJson object at 0x104e18bf0>, <snowplow_tracker.self_describing_json.SelfDescribingJson object at 0x107229640>]}
[0m18:24:41.667477 [debug] [MainThread]: Flushing usage events
[0m18:24:43.022541 [debug] [MainThread]: An error was encountered while trying to flush usage events
[0m18:32:57.732573 [debug] [MainThread]: Sending event: {'category': 'dbt', 'action': 'invocation', 'label': 'start', 'context': [<snowplow_tracker.self_describing_json.SelfDescribingJson object at 0x1091939b0>, <snowplow_tracker.self_describing_json.SelfDescribingJson object at 0x109320470>, <snowplow_tracker.self_describing_json.SelfDescribingJson object at 0x109320170>]}


============================== 18:32:57.736146 | 48e5ce79-d17b-4dcf-92a6-bd0304385946 ==============================
[0m18:32:57.736146 [info ] [MainThread]: Running with dbt=1.11.11
[0m18:32:57.736500 [debug] [MainThread]: running dbt with arguments {'write_json': 'True', 'log_path': 'logs', 'invocation_command': 'dbt debug', 'use_experimental_parser': 'False', 'cache_selected_only': 'False', 'static_parser': 'True', 'introspect': 'True', 'fail_fast': 'False', 'log_cache_events': 'False', 'profiles_dir': '/Users/ajayrajst/.dbt', 'warn_error_options': 'WarnErrorOptionsV2(error=[], warn=[], silence=[])', 'no_print': 'None', 'indirect_selection': 'eager', 'empty': 'None', 'warn_error': 'None', 'partial_parse': 'True', 'log_format': 'default', 'use_colors': 'True', 'debug': 'False', 'target_path': 'None', 'send_anonymous_usage_stats': 'True', 'printer_width': '80', 'version_check': 'True', 'quiet': 'False'}
[0m18:32:57.744872 [info ] [MainThread]: dbt version: 1.11.11
[0m18:32:57.745196 [info ] [MainThread]: python version: 3.12.10
[0m18:32:57.745345 [info ] [MainThread]: python path: /Users/ajayrajst/Desktop/AWS_DBT_Snowflake/.venv/bin/python3
[0m18:32:57.745484 [info ] [MainThread]: os info: macOS-14.4.1-arm64-arm-64bit
[0m18:32:57.931145 [debug] [MainThread]: Snowflake adapter: Setting snowflake.connector to ERROR (file logging only)
[0m18:32:57.931428 [debug] [MainThread]: Snowflake adapter: Setting botocore to ERROR (file logging only)
[0m18:32:57.931588 [debug] [MainThread]: Snowflake adapter: Setting boto3 to ERROR (file logging only)
[0m18:32:57.964734 [info ] [MainThread]: Using profiles dir at /Users/ajayrajst/.dbt
[0m18:32:57.964976 [info ] [MainThread]: Using profiles.yml file at /Users/ajayrajst/.dbt/profiles.yml
[0m18:32:57.965155 [info ] [MainThread]: Using dbt_project.yml file at /Users/ajayrajst/Desktop/AWS_DBT_Snowflake/dbt_project.yml
[0m18:32:57.965558 [info ] [MainThread]: adapter type: snowflake
[0m18:32:57.965697 [info ] [MainThread]: adapter version: 1.11.5
[0m18:32:57.965830 [info ] [MainThread]: Configuration:
[0m18:32:57.965952 [info ] [MainThread]:   profiles.yml file [[32mOK found and valid[0m]
[0m18:32:57.966070 [info ] [MainThread]:   dbt_project.yml file [[31mERROR not found[0m]
[0m18:32:57.966183 [info ] [MainThread]: Required dependencies:
[0m18:32:57.966348 [debug] [MainThread]: Executing "git --help"
[0m18:32:57.980307 [debug] [MainThread]: STDOUT: "b"usage: git [-v | --version] [-h | --help] [-C <path>] [-c <name>=<value>]\n           [--exec-path[=<path>]] [--html-path] [--man-path] [--info-path]\n           [-p | --paginate | -P | --no-pager] [--no-replace-objects] [--no-lazy-fetch]\n           [--no-optional-locks] [--no-advice] [--bare] [--git-dir=<path>]\n           [--work-tree=<path>] [--namespace=<name>] [--config-env=<name>=<envvar>]\n           <command> [<args>]\n\nThese are common Git commands used in various situations:\n\nstart a working area (see also: git help tutorial)\n   clone      Clone a repository into a new directory\n   init       Create an empty Git repository or reinitialize an existing one\n\nwork on the current change (see also: git help everyday)\n   add        Add file contents to the index\n   mv         Move or rename a file, a directory, or a symlink\n   restore    Restore working tree files\n   rm         Remove files from the working tree and from the index\n\nexamine the history and state (see also: git help revisions)\n   bisect     Use binary search to find the commit that introduced a bug\n   diff       Show changes between commits, commit and working tree, etc\n   grep       Print lines matching a pattern\n   log        Show commit logs\n   show       Show various types of objects\n   status     Show the working tree status\n\ngrow, mark and tweak your common history\n   backfill   Download missing objects in a partial clone\n   branch     List, create, or delete branches\n   commit     Record changes to the repository\n   history    EXPERIMENTAL: Rewrite history\n   merge      Join two or more development histories together\n   rebase     Reapply commits on top of another base tip\n   reset      Set `HEAD` or the index to a known state\n   switch     Switch branches\n   tag        Create, list, delete or verify tags\n\ncollaborate (see also: git help workflows)\n   fetch      Download objects and refs from another repository\n   pull       Fetch from and integrate with another repository or a local branch\n   push       Update remote refs along with associated objects\n\n'git help -a' and 'git help -g' list available subcommands and some\nconcept guides. See 'git help <command>' or 'git help <concept>'\nto read about a specific subcommand or concept.\nSee 'git help git' for an overview of the system.\n""
[0m18:32:57.980869 [debug] [MainThread]: STDERR: "b''"
[0m18:32:57.981051 [info ] [MainThread]:  - git [[32mOK found[0m]

[0m18:32:57.981219 [info ] [MainThread]: Connection:
[0m18:32:57.981408 [info ] [MainThread]:   account: IRHGMQY-TX67342
[0m18:32:57.981534 [info ] [MainThread]:   user: ajay
[0m18:32:57.981661 [info ] [MainThread]:   database: AIRBNB_RAW
[0m18:32:57.981793 [info ] [MainThread]:   warehouse: FIRSTWH
[0m18:32:57.981911 [info ] [MainThread]:   role: ACCOUNTADMIN
[0m18:32:57.982027 [info ] [MainThread]:   schema: dbt_schema
[0m18:32:57.982146 [info ] [MainThread]:   authenticator: None
[0m18:32:57.982261 [info ] [MainThread]:   oauth_client_id: None
[0m18:32:57.982376 [info ] [MainThread]:   query_tag: None
[0m18:32:57.982493 [info ] [MainThread]:   client_session_keep_alive: False
[0m18:32:57.982609 [info ] [MainThread]:   host: None
[0m18:32:57.982726 [info ] [MainThread]:   port: None
[0m18:32:57.982838 [info ] [MainThread]:   proxy_host: None
[0m18:32:57.982967 [info ] [MainThread]:   proxy_port: None
[0m18:32:57.983082 [info ] [MainThread]:   protocol: None
[0m18:32:57.983196 [info ] [MainThread]:   connect_retries: 1
[0m18:32:57.983308 [info ] [MainThread]:   connect_timeout: None
[0m18:32:57.983420 [info ] [MainThread]:   retry_on_database_errors: False
[0m18:32:57.983537 [info ] [MainThread]:   retry_all: False
[0m18:32:57.983648 [info ] [MainThread]:   insecure_mode: False
[0m18:32:57.983761 [info ] [MainThread]:   reuse_connections: True
[0m18:32:57.983874 [info ] [MainThread]:   s3_stage_vpce_dns_name: None
[0m18:32:57.983989 [info ] [MainThread]:   platform_detection_timeout_seconds: 0.0
[0m18:32:57.984329 [info ] [MainThread]: Registered adapter: snowflake=1.11.5
[0m18:32:58.050895 [debug] [MainThread]: Acquiring new snowflake connection 'debug'
[0m18:32:58.074309 [debug] [MainThread]: Using snowflake connection "debug"
[0m18:32:58.074541 [debug] [MainThread]: On debug: select 1 as id
[0m18:32:58.074685 [debug] [MainThread]: Opening a new connection, currently in state init
[0m18:32:58.361431 [debug] [MainThread]: Snowflake adapter: Error running SQL: select 1 as id
[0m18:32:58.361854 [debug] [MainThread]: Snowflake adapter: Rolling back transaction.
[0m18:32:58.362226 [info ] [MainThread]:   Connection test: [[31mERROR[0m]

[0m18:32:58.362623 [info ] [MainThread]: [31m2 checks failed:[0m
[0m18:32:58.362899 [info ] [MainThread]: Project loading failed for the following reason:
 project path </Users/ajayrajst/Desktop/AWS_DBT_Snowflake/dbt_project.yml> not found

[0m18:32:58.363194 [info ] [MainThread]: dbt was unable to connect to the specified database.
The database returned the following error:

  >Database Error
  250001 (08001): Failed to connect to DB: IRHGMQY-TX67342.snowflakecomputing.com:443. Incorrect username or password was specified.

Check your database credentials and try again. For more information, visit:
https://docs.getdbt.com/docs/configure-your-profile


[0m18:32:58.365581 [debug] [MainThread]: Resource report: {"command_name": "debug", "command_success": false, "command_wall_clock_time": 0.6725579, "process_in_blocks": "0", "process_kernel_time": 0.20023, "process_mem_max_rss": "148045824", "process_out_blocks": "0", "process_user_time": 0.990974}
[0m18:32:58.366058 [debug] [MainThread]: Command `dbt debug` failed at 18:32:58.365958 after 0.67 seconds
[0m18:32:58.366386 [debug] [MainThread]: Connection 'debug' was left open.
[0m18:32:58.366624 [debug] [MainThread]: On debug: No close available on handle
[0m18:32:58.366908 [debug] [MainThread]: Sending event: {'category': 'dbt', 'action': 'invocation', 'label': 'end', 'context': [<snowplow_tracker.self_describing_json.SelfDescribingJson object at 0x109c77770>, <snowplow_tracker.self_describing_json.SelfDescribingJson object at 0x108c976b0>, <snowplow_tracker.self_describing_json.SelfDescribingJson object at 0x109147e60>]}
[0m18:32:58.367255 [debug] [MainThread]: Flushing usage events
[0m18:32:59.560314 [debug] [MainThread]: An error was encountered while trying to flush usage events
[0m21:45:16.439986 [debug] [MainThread]: Sending event: {'category': 'dbt', 'action': 'invocation', 'label': 'start', 'context': [<snowplow_tracker.self_describing_json.SelfDescribingJson object at 0x108e60aa0>, <snowplow_tracker.self_describing_json.SelfDescribingJson object at 0x1099ec650>, <snowplow_tracker.self_describing_json.SelfDescribingJson object at 0x1099ec350>]}


============================== 21:45:16.443232 | c1075224-324c-4549-aeee-a17aee78767b ==============================
[0m21:45:16.443232 [info ] [MainThread]: Running with dbt=1.11.11
[0m21:45:16.443573 [debug] [MainThread]: running dbt with arguments {'indirect_selection': 'eager', 'invocation_command': 'dbt debug', 'no_print': 'None', 'warn_error': 'None', 'introspect': 'True', 'log_path': 'logs', 'target_path': 'None', 'use_experimental_parser': 'False', 'empty': 'None', 'cache_selected_only': 'False', 'printer_width': '80', 'quiet': 'False', 'send_anonymous_usage_stats': 'True', 'log_cache_events': 'False', 'warn_error_options': 'WarnErrorOptionsV2(error=[], warn=[], silence=[])', 'version_check': 'True', 'static_parser': 'True', 'write_json': 'True', 'debug': 'False', 'use_colors': 'True', 'profiles_dir': '/Users/ajayrajst/.dbt', 'partial_parse': 'True', 'fail_fast': 'False', 'log_format': 'default'}
[0m21:45:16.454653 [info ] [MainThread]: dbt version: 1.11.11
[0m21:45:16.454909 [info ] [MainThread]: python version: 3.12.10
[0m21:45:16.455058 [info ] [MainThread]: python path: /Users/ajayrajst/Desktop/AWS_DBT_Snowflake/.venv/bin/python3
[0m21:45:16.455198 [info ] [MainThread]: os info: macOS-14.4.1-arm64-arm-64bit
[0m21:45:16.690365 [debug] [MainThread]: Snowflake adapter: Setting snowflake.connector to ERROR (file logging only)
[0m21:45:16.690654 [debug] [MainThread]: Snowflake adapter: Setting botocore to ERROR (file logging only)
[0m21:45:16.690821 [debug] [MainThread]: Snowflake adapter: Setting boto3 to ERROR (file logging only)
[0m21:45:16.724331 [info ] [MainThread]: Using profiles dir at /Users/ajayrajst/.dbt
[0m21:45:16.724576 [info ] [MainThread]: Using profiles.yml file at /Users/ajayrajst/.dbt/profiles.yml
[0m21:45:16.724736 [info ] [MainThread]: Using dbt_project.yml file at /Users/ajayrajst/Desktop/AWS_DBT_Snowflake/dbt_project.yml
[0m21:45:16.725239 [info ] [MainThread]: adapter type: snowflake
[0m21:45:16.725419 [info ] [MainThread]: adapter version: 1.11.5
[0m21:45:16.725575 [info ] [MainThread]: Configuration:
[0m21:45:16.725705 [info ] [MainThread]:   profiles.yml file [[32mOK found and valid[0m]
[0m21:45:16.725830 [info ] [MainThread]:   dbt_project.yml file [[31mERROR not found[0m]
[0m21:45:16.725948 [info ] [MainThread]: Required dependencies:
[0m21:45:16.726111 [debug] [MainThread]: Executing "git --help"
[0m21:45:16.743515 [debug] [MainThread]: STDOUT: "b"usage: git [-v | --version] [-h | --help] [-C <path>] [-c <name>=<value>]\n           [--exec-path[=<path>]] [--html-path] [--man-path] [--info-path]\n           [-p | --paginate | -P | --no-pager] [--no-replace-objects] [--no-lazy-fetch]\n           [--no-optional-locks] [--no-advice] [--bare] [--git-dir=<path>]\n           [--work-tree=<path>] [--namespace=<name>] [--config-env=<name>=<envvar>]\n           <command> [<args>]\n\nThese are common Git commands used in various situations:\n\nstart a working area (see also: git help tutorial)\n   clone      Clone a repository into a new directory\n   init       Create an empty Git repository or reinitialize an existing one\n\nwork on the current change (see also: git help everyday)\n   add        Add file contents to the index\n   mv         Move or rename a file, a directory, or a symlink\n   restore    Restore working tree files\n   rm         Remove files from the working tree and from the index\n\nexamine the history and state (see also: git help revisions)\n   bisect     Use binary search to find the commit that introduced a bug\n   diff       Show changes between commits, commit and working tree, etc\n   grep       Print lines matching a pattern\n   log        Show commit logs\n   show       Show various types of objects\n   status     Show the working tree status\n\ngrow, mark and tweak your common history\n   backfill   Download missing objects in a partial clone\n   branch     List, create, or delete branches\n   commit     Record changes to the repository\n   history    EXPERIMENTAL: Rewrite history\n   merge      Join two or more development histories together\n   rebase     Reapply commits on top of another base tip\n   reset      Set `HEAD` or the index to a known state\n   switch     Switch branches\n   tag        Create, list, delete or verify tags\n\ncollaborate (see also: git help workflows)\n   fetch      Download objects and refs from another repository\n   pull       Fetch from and integrate with another repository or a local branch\n   push       Update remote refs along with associated objects\n\n'git help -a' and 'git help -g' list available subcommands and some\nconcept guides. See 'git help <command>' or 'git help <concept>'\nto read about a specific subcommand or concept.\nSee 'git help git' for an overview of the system.\n""
[0m21:45:16.744210 [debug] [MainThread]: STDERR: "b''"
[0m21:45:16.744404 [info ] [MainThread]:  - git [[32mOK found[0m]

[0m21:45:16.744578 [info ] [MainThread]: Connection:
[0m21:45:16.744786 [info ] [MainThread]:   account: IRHGMQY-TX67342
[0m21:45:16.744925 [info ] [MainThread]:   user: ajay
[0m21:45:16.745057 [info ] [MainThread]:   database: AIRBNB_RAW
[0m21:45:16.745181 [info ] [MainThread]:   warehouse: FIRSTWH
[0m21:45:16.745304 [info ] [MainThread]:   role: ACCOUNTADMIN
[0m21:45:16.745422 [info ] [MainThread]:   schema: dbt_schema
[0m21:45:16.745539 [info ] [MainThread]:   authenticator: None
[0m21:45:16.745657 [info ] [MainThread]:   oauth_client_id: None
[0m21:45:16.745774 [info ] [MainThread]:   query_tag: None
[0m21:45:16.745892 [info ] [MainThread]:   client_session_keep_alive: False
[0m21:45:16.746012 [info ] [MainThread]:   host: None
[0m21:45:16.746133 [info ] [MainThread]:   port: None
[0m21:45:16.746253 [info ] [MainThread]:   proxy_host: None
[0m21:45:16.746376 [info ] [MainThread]:   proxy_port: None
[0m21:45:16.746493 [info ] [MainThread]:   protocol: None
[0m21:45:16.746613 [info ] [MainThread]:   connect_retries: 1
[0m21:45:16.746729 [info ] [MainThread]:   connect_timeout: None
[0m21:45:16.746845 [info ] [MainThread]:   retry_on_database_errors: False
[0m21:45:16.746964 [info ] [MainThread]:   retry_all: False
[0m21:45:16.747081 [info ] [MainThread]:   insecure_mode: False
[0m21:45:16.747194 [info ] [MainThread]:   reuse_connections: True
[0m21:45:16.747313 [info ] [MainThread]:   s3_stage_vpce_dns_name: None
[0m21:45:16.747431 [info ] [MainThread]:   platform_detection_timeout_seconds: 0.0
[0m21:45:16.747845 [info ] [MainThread]: Registered adapter: snowflake=1.11.5
[0m21:45:16.816927 [debug] [MainThread]: Acquiring new snowflake connection 'debug'
[0m21:45:16.841859 [debug] [MainThread]: Using snowflake connection "debug"
[0m21:45:16.842090 [debug] [MainThread]: On debug: select 1 as id
[0m21:45:16.842243 [debug] [MainThread]: Opening a new connection, currently in state init
[0m21:45:17.194298 [debug] [MainThread]: Snowflake adapter: Error running SQL: select 1 as id
[0m21:45:17.194699 [debug] [MainThread]: Snowflake adapter: Rolling back transaction.
[0m21:45:17.195045 [info ] [MainThread]:   Connection test: [[31mERROR[0m]

[0m21:45:17.195405 [info ] [MainThread]: [31m2 checks failed:[0m
[0m21:45:17.195663 [info ] [MainThread]: Project loading failed for the following reason:
 project path </Users/ajayrajst/Desktop/AWS_DBT_Snowflake/dbt_project.yml> not found

[0m21:45:17.195922 [info ] [MainThread]: dbt was unable to connect to the specified database.
The database returned the following error:

  >Database Error
  250001 (08001): Failed to connect to DB: IRHGMQY-TX67342.snowflakecomputing.com:443. Incorrect username or password was specified.

Check your database credentials and try again. For more information, visit:
https://docs.getdbt.com/docs/configure-your-profile


[0m21:45:17.197853 [debug] [MainThread]: Resource report: {"command_name": "debug", "command_success": false, "command_wall_clock_time": 0.8029731, "process_in_blocks": "0", "process_kernel_time": 0.237059, "process_mem_max_rss": "147554304", "process_out_blocks": "0", "process_user_time": 0.996425}
[0m21:45:17.198372 [debug] [MainThread]: Command `dbt debug` failed at 21:45:17.198264 after 0.80 seconds
[0m21:45:17.198659 [debug] [MainThread]: Connection 'debug' was left open.
[0m21:45:17.198894 [debug] [MainThread]: On debug: No close available on handle
[0m21:45:17.199168 [debug] [MainThread]: Sending event: {'category': 'dbt', 'action': 'invocation', 'label': 'end', 'context': [<snowplow_tracker.self_describing_json.SelfDescribingJson object at 0x10996cad0>, <snowplow_tracker.self_describing_json.SelfDescribingJson object at 0x108d08800>, <snowplow_tracker.self_describing_json.SelfDescribingJson object at 0x1099ec4d0>]}
[0m21:45:17.199494 [debug] [MainThread]: Flushing usage events
[0m21:45:18.905878 [debug] [MainThread]: An error was encountered while trying to flush usage events
[0m21:46:15.620168 [debug] [MainThread]: Sending event: {'category': 'dbt', 'action': 'invocation', 'label': 'start', 'context': [<snowplow_tracker.self_describing_json.SelfDescribingJson object at 0x109103140>, <snowplow_tracker.self_describing_json.SelfDescribingJson object at 0x109917b60>, <snowplow_tracker.self_describing_json.SelfDescribingJson object at 0x109950080>]}


============================== 21:46:15.623345 | 43a0a311-65c3-42b3-9047-13b4b1deb551 ==============================
[0m21:46:15.623345 [info ] [MainThread]: Running with dbt=1.11.11
[0m21:46:15.623689 [debug] [MainThread]: running dbt with arguments {'partial_parse': 'True', 'invocation_command': 'dbt debug', 'profiles_dir': '/Users/ajayrajst/.dbt', 'log_cache_events': 'False', 'no_print': 'None', 'debug': 'False', 'static_parser': 'True', 'fail_fast': 'False', 'version_check': 'True', 'warn_error_options': 'WarnErrorOptionsV2(error=[], warn=[], silence=[])', 'empty': 'None', 'introspect': 'True', 'use_colors': 'True', 'indirect_selection': 'eager', 'log_path': 'logs', 'cache_selected_only': 'False', 'send_anonymous_usage_stats': 'True', 'warn_error': 'None', 'quiet': 'False', 'use_experimental_parser': 'False', 'log_format': 'default', 'write_json': 'True', 'printer_width': '80', 'target_path': 'None'}
[0m21:46:15.634208 [info ] [MainThread]: dbt version: 1.11.11
[0m21:46:15.634457 [info ] [MainThread]: python version: 3.12.10
[0m21:46:15.634611 [info ] [MainThread]: python path: /Users/ajayrajst/Desktop/AWS_DBT_Snowflake/.venv/bin/python3
[0m21:46:15.634755 [info ] [MainThread]: os info: macOS-14.4.1-arm64-arm-64bit
[0m21:46:15.880046 [debug] [MainThread]: Snowflake adapter: Setting snowflake.connector to ERROR (file logging only)
[0m21:46:15.880340 [debug] [MainThread]: Snowflake adapter: Setting botocore to ERROR (file logging only)
[0m21:46:15.880511 [debug] [MainThread]: Snowflake adapter: Setting boto3 to ERROR (file logging only)
[0m21:46:15.914117 [info ] [MainThread]: Using profiles dir at /Users/ajayrajst/.dbt
[0m21:46:15.914364 [info ] [MainThread]: Using profiles.yml file at /Users/ajayrajst/.dbt/profiles.yml
[0m21:46:15.914592 [info ] [MainThread]: Using dbt_project.yml file at /Users/ajayrajst/Desktop/AWS_DBT_Snowflake/dbt_project.yml
[0m21:46:15.915137 [info ] [MainThread]: adapter type: snowflake
[0m21:46:15.915295 [info ] [MainThread]: adapter version: 1.11.5
[0m21:46:15.915441 [info ] [MainThread]: Configuration:
[0m21:46:15.915572 [info ] [MainThread]:   profiles.yml file [[32mOK found and valid[0m]
[0m21:46:15.915696 [info ] [MainThread]:   dbt_project.yml file [[31mERROR not found[0m]
[0m21:46:15.915815 [info ] [MainThread]: Required dependencies:
[0m21:46:15.915985 [debug] [MainThread]: Executing "git --help"
[0m21:46:15.931941 [debug] [MainThread]: STDOUT: "b"usage: git [-v | --version] [-h | --help] [-C <path>] [-c <name>=<value>]\n           [--exec-path[=<path>]] [--html-path] [--man-path] [--info-path]\n           [-p | --paginate | -P | --no-pager] [--no-replace-objects] [--no-lazy-fetch]\n           [--no-optional-locks] [--no-advice] [--bare] [--git-dir=<path>]\n           [--work-tree=<path>] [--namespace=<name>] [--config-env=<name>=<envvar>]\n           <command> [<args>]\n\nThese are common Git commands used in various situations:\n\nstart a working area (see also: git help tutorial)\n   clone      Clone a repository into a new directory\n   init       Create an empty Git repository or reinitialize an existing one\n\nwork on the current change (see also: git help everyday)\n   add        Add file contents to the index\n   mv         Move or rename a file, a directory, or a symlink\n   restore    Restore working tree files\n   rm         Remove files from the working tree and from the index\n\nexamine the history and state (see also: git help revisions)\n   bisect     Use binary search to find the commit that introduced a bug\n   diff       Show changes between commits, commit and working tree, etc\n   grep       Print lines matching a pattern\n   log        Show commit logs\n   show       Show various types of objects\n   status     Show the working tree status\n\ngrow, mark and tweak your common history\n   backfill   Download missing objects in a partial clone\n   branch     List, create, or delete branches\n   commit     Record changes to the repository\n   history    EXPERIMENTAL: Rewrite history\n   merge      Join two or more development histories together\n   rebase     Reapply commits on top of another base tip\n   reset      Set `HEAD` or the index to a known state\n   switch     Switch branches\n   tag        Create, list, delete or verify tags\n\ncollaborate (see also: git help workflows)\n   fetch      Download objects and refs from another repository\n   pull       Fetch from and integrate with another repository or a local branch\n   push       Update remote refs along with associated objects\n\n'git help -a' and 'git help -g' list available subcommands and some\nconcept guides. See 'git help <command>' or 'git help <concept>'\nto read about a specific subcommand or concept.\nSee 'git help git' for an overview of the system.\n""
[0m21:46:15.932469 [debug] [MainThread]: STDERR: "b''"
[0m21:46:15.932641 [info ] [MainThread]:  - git [[32mOK found[0m]

[0m21:46:15.932798 [info ] [MainThread]: Connection:
[0m21:46:15.932982 [info ] [MainThread]:   account: IRHGMQY-TX67342
[0m21:46:15.933115 [info ] [MainThread]:   user: ajay
[0m21:46:15.933237 [info ] [MainThread]:   database: AIRBNB_RAW
[0m21:46:15.933359 [info ] [MainThread]:   warehouse: FIRSTWH
[0m21:46:15.933480 [info ] [MainThread]:   role: ACCOUNTADMIN
[0m21:46:15.933598 [info ] [MainThread]:   schema: dbt_schema
[0m21:46:15.933715 [info ] [MainThread]:   authenticator: None
[0m21:46:15.933833 [info ] [MainThread]:   oauth_client_id: None
[0m21:46:15.933950 [info ] [MainThread]:   query_tag: None
[0m21:46:15.934069 [info ] [MainThread]:   client_session_keep_alive: False
[0m21:46:15.934184 [info ] [MainThread]:   host: None
[0m21:46:15.934305 [info ] [MainThread]:   port: None
[0m21:46:15.934419 [info ] [MainThread]:   proxy_host: None
[0m21:46:15.934537 [info ] [MainThread]:   proxy_port: None
[0m21:46:15.934655 [info ] [MainThread]:   protocol: None
[0m21:46:15.934770 [info ] [MainThread]:   connect_retries: 1
[0m21:46:15.934886 [info ] [MainThread]:   connect_timeout: None
[0m21:46:15.935002 [info ] [MainThread]:   retry_on_database_errors: False
[0m21:46:15.935119 [info ] [MainThread]:   retry_all: False
[0m21:46:15.935232 [info ] [MainThread]:   insecure_mode: False
[0m21:46:15.935348 [info ] [MainThread]:   reuse_connections: True
[0m21:46:15.935465 [info ] [MainThread]:   s3_stage_vpce_dns_name: None
[0m21:46:15.935581 [info ] [MainThread]:   platform_detection_timeout_seconds: 0.0
[0m21:46:15.935973 [info ] [MainThread]: Registered adapter: snowflake=1.11.5
[0m21:46:16.003882 [debug] [MainThread]: Acquiring new snowflake connection 'debug'
[0m21:46:16.028583 [debug] [MainThread]: Using snowflake connection "debug"
[0m21:46:16.028802 [debug] [MainThread]: On debug: select 1 as id
[0m21:46:16.028950 [debug] [MainThread]: Opening a new connection, currently in state init
[0m21:46:16.432059 [debug] [MainThread]: Snowflake adapter: Error running SQL: select 1 as id
[0m21:46:16.432468 [debug] [MainThread]: Snowflake adapter: Rolling back transaction.
[0m21:46:16.432818 [info ] [MainThread]:   Connection test: [[31mERROR[0m]

[0m21:46:16.433165 [info ] [MainThread]: [31m2 checks failed:[0m
[0m21:46:16.433417 [info ] [MainThread]: Project loading failed for the following reason:
 project path </Users/ajayrajst/Desktop/AWS_DBT_Snowflake/dbt_project.yml> not found

[0m21:46:16.433672 [info ] [MainThread]: dbt was unable to connect to the specified database.
The database returned the following error:

  >Database Error
  250001 (08001): Failed to connect to DB: IRHGMQY-TX67342.snowflakecomputing.com:443. Incorrect username or password was specified.

Check your database credentials and try again. For more information, visit:
https://docs.getdbt.com/docs/configure-your-profile


[0m21:46:16.435758 [debug] [MainThread]: Resource report: {"command_name": "debug", "command_success": false, "command_wall_clock_time": 0.85727364, "process_in_blocks": "0", "process_kernel_time": 0.255908, "process_mem_max_rss": "147963904", "process_out_blocks": "0", "process_user_time": 1.031019}
[0m21:46:16.436190 [debug] [MainThread]: Command `dbt debug` failed at 21:46:16.436093 after 0.86 seconds
[0m21:46:16.436491 [debug] [MainThread]: Connection 'debug' was left open.
[0m21:46:16.436725 [debug] [MainThread]: On debug: No close available on handle
[0m21:46:16.437014 [debug] [MainThread]: Sending event: {'category': 'dbt', 'action': 'invocation', 'label': 'end', 'context': [<snowplow_tracker.self_describing_json.SelfDescribingJson object at 0x1095e2120>, <snowplow_tracker.self_describing_json.SelfDescribingJson object at 0x1097763c0>, <snowplow_tracker.self_describing_json.SelfDescribingJson object at 0x10b7ec710>]}
[0m21:46:16.437373 [debug] [MainThread]: Flushing usage events
[0m21:46:17.682220 [debug] [MainThread]: An error was encountered while trying to flush usage events
[0m21:46:47.753743 [debug] [MainThread]: Sending event: {'category': 'dbt', 'action': 'invocation', 'label': 'start', 'context': [<snowplow_tracker.self_describing_json.SelfDescribingJson object at 0x1042239e0>, <snowplow_tracker.self_describing_json.SelfDescribingJson object at 0x1057ac860>, <snowplow_tracker.self_describing_json.SelfDescribingJson object at 0x105b4bfe0>]}


============================== 21:46:47.757307 | 0724e079-28a4-4a52-a03d-40b98f1ad5f3 ==============================
[0m21:46:47.757307 [info ] [MainThread]: Running with dbt=1.11.11
[0m21:46:47.757681 [debug] [MainThread]: running dbt with arguments {'cache_selected_only': 'False', 'empty': 'None', 'target_path': 'None', 'profiles_dir': '/Users/ajayrajst/.dbt', 'debug': 'False', 'write_json': 'True', 'static_parser': 'True', 'log_path': 'logs', 'use_experimental_parser': 'False', 'fail_fast': 'False', 'use_colors': 'True', 'send_anonymous_usage_stats': 'True', 'no_print': 'None', 'quiet': 'False', 'indirect_selection': 'eager', 'partial_parse': 'True', 'version_check': 'True', 'invocation_command': 'dbt debug', 'introspect': 'True', 'warn_error_options': 'WarnErrorOptionsV2(error=[], warn=[], silence=[])', 'printer_width': '80', 'log_cache_events': 'False', 'warn_error': 'None', 'log_format': 'default'}
[0m21:46:47.767793 [info ] [MainThread]: dbt version: 1.11.11
[0m21:46:47.768057 [info ] [MainThread]: python version: 3.12.10
[0m21:46:47.768211 [info ] [MainThread]: python path: /Users/ajayrajst/Desktop/AWS_DBT_Snowflake/.venv/bin/python3
[0m21:46:47.768355 [info ] [MainThread]: os info: macOS-14.4.1-arm64-arm-64bit
[0m21:46:47.957361 [debug] [MainThread]: Snowflake adapter: Setting snowflake.connector to ERROR (file logging only)
[0m21:46:47.957668 [debug] [MainThread]: Snowflake adapter: Setting botocore to ERROR (file logging only)
[0m21:46:47.957829 [debug] [MainThread]: Snowflake adapter: Setting boto3 to ERROR (file logging only)
[0m21:46:47.991224 [info ] [MainThread]: Using profiles dir at /Users/ajayrajst/.dbt
[0m21:46:47.991451 [info ] [MainThread]: Using profiles.yml file at /Users/ajayrajst/.dbt/profiles.yml
[0m21:46:47.991602 [info ] [MainThread]: Using dbt_project.yml file at /Users/ajayrajst/Desktop/AWS_DBT_Snowflake/dbt_project.yml
[0m21:46:47.991995 [info ] [MainThread]: adapter type: snowflake
[0m21:46:47.992195 [info ] [MainThread]: adapter version: 1.11.5
[0m21:46:47.992351 [info ] [MainThread]: Configuration:
[0m21:46:47.992482 [info ] [MainThread]:   profiles.yml file [[32mOK found and valid[0m]
[0m21:46:47.992610 [info ] [MainThread]:   dbt_project.yml file [[31mERROR not found[0m]
[0m21:46:47.992732 [info ] [MainThread]: Required dependencies:
[0m21:46:47.992890 [debug] [MainThread]: Executing "git --help"
[0m21:46:48.008552 [debug] [MainThread]: STDOUT: "b"usage: git [-v | --version] [-h | --help] [-C <path>] [-c <name>=<value>]\n           [--exec-path[=<path>]] [--html-path] [--man-path] [--info-path]\n           [-p | --paginate | -P | --no-pager] [--no-replace-objects] [--no-lazy-fetch]\n           [--no-optional-locks] [--no-advice] [--bare] [--git-dir=<path>]\n           [--work-tree=<path>] [--namespace=<name>] [--config-env=<name>=<envvar>]\n           <command> [<args>]\n\nThese are common Git commands used in various situations:\n\nstart a working area (see also: git help tutorial)\n   clone      Clone a repository into a new directory\n   init       Create an empty Git repository or reinitialize an existing one\n\nwork on the current change (see also: git help everyday)\n   add        Add file contents to the index\n   mv         Move or rename a file, a directory, or a symlink\n   restore    Restore working tree files\n   rm         Remove files from the working tree and from the index\n\nexamine the history and state (see also: git help revisions)\n   bisect     Use binary search to find the commit that introduced a bug\n   diff       Show changes between commits, commit and working tree, etc\n   grep       Print lines matching a pattern\n   log        Show commit logs\n   show       Show various types of objects\n   status     Show the working tree status\n\ngrow, mark and tweak your common history\n   backfill   Download missing objects in a partial clone\n   branch     List, create, or delete branches\n   commit     Record changes to the repository\n   history    EXPERIMENTAL: Rewrite history\n   merge      Join two or more development histories together\n   rebase     Reapply commits on top of another base tip\n   reset      Set `HEAD` or the index to a known state\n   switch     Switch branches\n   tag        Create, list, delete or verify tags\n\ncollaborate (see also: git help workflows)\n   fetch      Download objects and refs from another repository\n   pull       Fetch from and integrate with another repository or a local branch\n   push       Update remote refs along with associated objects\n\n'git help -a' and 'git help -g' list available subcommands and some\nconcept guides. See 'git help <command>' or 'git help <concept>'\nto read about a specific subcommand or concept.\nSee 'git help git' for an overview of the system.\n""
[0m21:46:48.009080 [debug] [MainThread]: STDERR: "b''"
[0m21:46:48.009253 [info ] [MainThread]:  - git [[32mOK found[0m]

[0m21:46:48.009408 [info ] [MainThread]: Connection:
[0m21:46:48.009593 [info ] [MainThread]:   account: IRHGMQY-TX67342
[0m21:46:48.009723 [info ] [MainThread]:   user: ajay
[0m21:46:48.009846 [info ] [MainThread]:   database: AIRBNB_RAW
[0m21:46:48.009970 [info ] [MainThread]:   warehouse: FIRSTWH
[0m21:46:48.010100 [info ] [MainThread]:   role: ACCOUNTADMIN
[0m21:46:48.010227 [info ] [MainThread]:   schema: dbt_schema
[0m21:46:48.010352 [info ] [MainThread]:   authenticator: None
[0m21:46:48.010469 [info ] [MainThread]:   oauth_client_id: None
[0m21:46:48.010585 [info ] [MainThread]:   query_tag: None
[0m21:46:48.010702 [info ] [MainThread]:   client_session_keep_alive: False
[0m21:46:48.010818 [info ] [MainThread]:   host: None
[0m21:46:48.010937 [info ] [MainThread]:   port: None
[0m21:46:48.011053 [info ] [MainThread]:   proxy_host: None
[0m21:46:48.011173 [info ] [MainThread]:   proxy_port: None
[0m21:46:48.011286 [info ] [MainThread]:   protocol: None
[0m21:46:48.011401 [info ] [MainThread]:   connect_retries: 1
[0m21:46:48.011513 [info ] [MainThread]:   connect_timeout: None
[0m21:46:48.011626 [info ] [MainThread]:   retry_on_database_errors: False
[0m21:46:48.011742 [info ] [MainThread]:   retry_all: False
[0m21:46:48.011856 [info ] [MainThread]:   insecure_mode: False
[0m21:46:48.011967 [info ] [MainThread]:   reuse_connections: True
[0m21:46:48.012084 [info ] [MainThread]:   s3_stage_vpce_dns_name: None
[0m21:46:48.012199 [info ] [MainThread]:   platform_detection_timeout_seconds: 0.0
[0m21:46:48.012539 [info ] [MainThread]: Registered adapter: snowflake=1.11.5
[0m21:46:48.078454 [debug] [MainThread]: Acquiring new snowflake connection 'debug'
[0m21:46:48.103422 [debug] [MainThread]: Using snowflake connection "debug"
[0m21:46:48.103688 [debug] [MainThread]: On debug: select 1 as id
[0m21:46:48.103918 [debug] [MainThread]: Opening a new connection, currently in state init
[0m21:46:48.381005 [debug] [MainThread]: Snowflake adapter: Error running SQL: select 1 as id
[0m21:46:48.381388 [debug] [MainThread]: Snowflake adapter: Rolling back transaction.
[0m21:46:48.381725 [info ] [MainThread]:   Connection test: [[31mERROR[0m]

[0m21:46:48.382066 [info ] [MainThread]: [31m2 checks failed:[0m
[0m21:46:48.382311 [info ] [MainThread]: Project loading failed for the following reason:
 project path </Users/ajayrajst/Desktop/AWS_DBT_Snowflake/dbt_project.yml> not found

[0m21:46:48.382567 [info ] [MainThread]: dbt was unable to connect to the specified database.
The database returned the following error:

  >Database Error
  250001 (08001): Failed to connect to DB: IRHGMQY-TX67342.snowflakecomputing.com:443. Incorrect username or password was specified.

Check your database credentials and try again. For more information, visit:
https://docs.getdbt.com/docs/configure-your-profile


[0m21:46:48.384684 [debug] [MainThread]: Resource report: {"command_name": "debug", "command_success": false, "command_wall_clock_time": 0.67686194, "process_in_blocks": "0", "process_kernel_time": 0.201516, "process_mem_max_rss": "151896064", "process_out_blocks": "0", "process_user_time": 0.993078}
[0m21:46:48.385102 [debug] [MainThread]: Command `dbt debug` failed at 21:46:48.385018 after 0.68 seconds
[0m21:46:48.385385 [debug] [MainThread]: Connection 'debug' was left open.
[0m21:46:48.385618 [debug] [MainThread]: On debug: No close available on handle
[0m21:46:48.385892 [debug] [MainThread]: Sending event: {'category': 'dbt', 'action': 'invocation', 'label': 'end', 'context': [<snowplow_tracker.self_describing_json.SelfDescribingJson object at 0x10104ab40>, <snowplow_tracker.self_describing_json.SelfDescribingJson object at 0x105bf6510>, <snowplow_tracker.self_describing_json.SelfDescribingJson object at 0x10634db80>]}
[0m21:46:48.386369 [debug] [MainThread]: Flushing usage events
[0m21:46:49.629558 [debug] [MainThread]: An error was encountered while trying to flush usage events
[0m21:47:02.727071 [debug] [MainThread]: Sending event: {'category': 'dbt', 'action': 'invocation', 'label': 'start', 'context': [<snowplow_tracker.self_describing_json.SelfDescribingJson object at 0x105ac0b30>, <snowplow_tracker.self_describing_json.SelfDescribingJson object at 0x106c24560>, <snowplow_tracker.self_describing_json.SelfDescribingJson object at 0x106c24260>]}


============================== 21:47:02.730177 | e160c5f8-837f-43d8-b0ec-a475ed87d2ea ==============================
[0m21:47:02.730177 [info ] [MainThread]: Running with dbt=1.11.11
[0m21:47:02.730519 [debug] [MainThread]: running dbt with arguments {'profiles_dir': '/Users/ajayrajst/.dbt', 'invocation_command': 'dbt debug', 'version_check': 'True', 'partial_parse': 'True', 'target_path': 'None', 'log_format': 'default', 'log_cache_events': 'False', 'indirect_selection': 'eager', 'introspect': 'True', 'empty': 'None', 'log_path': 'logs', 'static_parser': 'True', 'quiet': 'False', 'debug': 'False', 'printer_width': '80', 'warn_error': 'None', 'use_experimental_parser': 'False', 'cache_selected_only': 'False', 'no_print': 'None', 'fail_fast': 'False', 'use_colors': 'True', 'warn_error_options': 'WarnErrorOptionsV2(error=[], warn=[], silence=[])', 'write_json': 'True', 'send_anonymous_usage_stats': 'True'}
[0m21:47:02.741023 [info ] [MainThread]: dbt version: 1.11.11
[0m21:47:02.741364 [info ] [MainThread]: python version: 3.12.10
[0m21:47:02.741518 [info ] [MainThread]: python path: /Users/ajayrajst/Desktop/AWS_DBT_Snowflake/.venv/bin/python3
[0m21:47:02.741653 [info ] [MainThread]: os info: macOS-14.4.1-arm64-arm-64bit
[0m21:47:02.943486 [debug] [MainThread]: Snowflake adapter: Setting snowflake.connector to ERROR (file logging only)
[0m21:47:02.943775 [debug] [MainThread]: Snowflake adapter: Setting botocore to ERROR (file logging only)
[0m21:47:02.943956 [debug] [MainThread]: Snowflake adapter: Setting boto3 to ERROR (file logging only)
[0m21:47:02.977445 [info ] [MainThread]: Using profiles dir at /Users/ajayrajst/.dbt
[0m21:47:02.977686 [info ] [MainThread]: Using profiles.yml file at /Users/ajayrajst/.dbt/profiles.yml
[0m21:47:02.977847 [info ] [MainThread]: Using dbt_project.yml file at /Users/ajayrajst/Desktop/AWS_DBT_Snowflake/dbt_project.yml
[0m21:47:02.978404 [info ] [MainThread]: adapter type: snowflake
[0m21:47:02.978592 [info ] [MainThread]: adapter version: 1.11.5
[0m21:47:02.978745 [info ] [MainThread]: Configuration:
[0m21:47:02.978878 [info ] [MainThread]:   profiles.yml file [[32mOK found and valid[0m]
[0m21:47:02.979001 [info ] [MainThread]:   dbt_project.yml file [[31mERROR not found[0m]
[0m21:47:02.979120 [info ] [MainThread]: Required dependencies:
[0m21:47:02.979279 [debug] [MainThread]: Executing "git --help"
[0m21:47:02.986088 [debug] [MainThread]: STDOUT: "b"usage: git [-v | --version] [-h | --help] [-C <path>] [-c <name>=<value>]\n           [--exec-path[=<path>]] [--html-path] [--man-path] [--info-path]\n           [-p | --paginate | -P | --no-pager] [--no-replace-objects] [--no-lazy-fetch]\n           [--no-optional-locks] [--no-advice] [--bare] [--git-dir=<path>]\n           [--work-tree=<path>] [--namespace=<name>] [--config-env=<name>=<envvar>]\n           <command> [<args>]\n\nThese are common Git commands used in various situations:\n\nstart a working area (see also: git help tutorial)\n   clone      Clone a repository into a new directory\n   init       Create an empty Git repository or reinitialize an existing one\n\nwork on the current change (see also: git help everyday)\n   add        Add file contents to the index\n   mv         Move or rename a file, a directory, or a symlink\n   restore    Restore working tree files\n   rm         Remove files from the working tree and from the index\n\nexamine the history and state (see also: git help revisions)\n   bisect     Use binary search to find the commit that introduced a bug\n   diff       Show changes between commits, commit and working tree, etc\n   grep       Print lines matching a pattern\n   log        Show commit logs\n   show       Show various types of objects\n   status     Show the working tree status\n\ngrow, mark and tweak your common history\n   backfill   Download missing objects in a partial clone\n   branch     List, create, or delete branches\n   commit     Record changes to the repository\n   history    EXPERIMENTAL: Rewrite history\n   merge      Join two or more development histories together\n   rebase     Reapply commits on top of another base tip\n   reset      Set `HEAD` or the index to a known state\n   switch     Switch branches\n   tag        Create, list, delete or verify tags\n\ncollaborate (see also: git help workflows)\n   fetch      Download objects and refs from another repository\n   pull       Fetch from and integrate with another repository or a local branch\n   push       Update remote refs along with associated objects\n\n'git help -a' and 'git help -g' list available subcommands and some\nconcept guides. See 'git help <command>' or 'git help <concept>'\nto read about a specific subcommand or concept.\nSee 'git help git' for an overview of the system.\n""
[0m21:47:02.987565 [debug] [MainThread]: STDERR: "b''"
[0m21:47:02.987783 [info ] [MainThread]:  - git [[32mOK found[0m]

[0m21:47:02.987966 [info ] [MainThread]: Connection:
[0m21:47:02.988559 [info ] [MainThread]:   account: IRHGMQY-TX67342
[0m21:47:02.988773 [info ] [MainThread]:   user: ajay
[0m21:47:02.988918 [info ] [MainThread]:   database: AIRBNB_RAW
[0m21:47:02.989049 [info ] [MainThread]:   warehouse: FIRSTWH
[0m21:47:02.989179 [info ] [MainThread]:   role: ACCOUNTADMIN
[0m21:47:02.989309 [info ] [MainThread]:   schema: dbt_schema
[0m21:47:02.989434 [info ] [MainThread]:   authenticator: None
[0m21:47:02.989560 [info ] [MainThread]:   oauth_client_id: None
[0m21:47:02.989678 [info ] [MainThread]:   query_tag: None
[0m21:47:02.989838 [info ] [MainThread]:   client_session_keep_alive: False
[0m21:47:02.989963 [info ] [MainThread]:   host: None
[0m21:47:02.990090 [info ] [MainThread]:   port: None
[0m21:47:02.990210 [info ] [MainThread]:   proxy_host: None
[0m21:47:02.990334 [info ] [MainThread]:   proxy_port: None
[0m21:47:02.990454 [info ] [MainThread]:   protocol: None
[0m21:47:02.990574 [info ] [MainThread]:   connect_retries: 1
[0m21:47:02.990689 [info ] [MainThread]:   connect_timeout: None
[0m21:47:02.990808 [info ] [MainThread]:   retry_on_database_errors: False
[0m21:47:02.990925 [info ] [MainThread]:   retry_all: False
[0m21:47:02.991042 [info ] [MainThread]:   insecure_mode: False
[0m21:47:02.991159 [info ] [MainThread]:   reuse_connections: True
[0m21:47:02.991281 [info ] [MainThread]:   s3_stage_vpce_dns_name: None
[0m21:47:02.991399 [info ] [MainThread]:   platform_detection_timeout_seconds: 0.0
[0m21:47:02.992030 [info ] [MainThread]: Registered adapter: snowflake=1.11.5
[0m21:47:03.060115 [debug] [MainThread]: Acquiring new snowflake connection 'debug'
[0m21:47:03.082904 [debug] [MainThread]: Using snowflake connection "debug"
[0m21:47:03.083131 [debug] [MainThread]: On debug: select 1 as id
[0m21:47:03.083276 [debug] [MainThread]: Opening a new connection, currently in state init
[0m21:47:03.376554 [debug] [MainThread]: Snowflake adapter: Error running SQL: select 1 as id
[0m21:47:03.377000 [debug] [MainThread]: Snowflake adapter: Rolling back transaction.
[0m21:47:03.377384 [info ] [MainThread]:   Connection test: [[31mERROR[0m]

[0m21:47:03.377790 [info ] [MainThread]: [31m2 checks failed:[0m
[0m21:47:03.378085 [info ] [MainThread]: Project loading failed for the following reason:
 project path </Users/ajayrajst/Desktop/AWS_DBT_Snowflake/dbt_project.yml> not found

[0m21:47:03.378394 [info ] [MainThread]: dbt was unable to connect to the specified database.
The database returned the following error:

  >Database Error
  250001 (08001): Failed to connect to DB: IRHGMQY-TX67342.snowflakecomputing.com:443. Incorrect username or password was specified.

Check your database credentials and try again. For more information, visit:
https://docs.getdbt.com/docs/configure-your-profile


[0m21:47:03.380617 [debug] [MainThread]: Resource report: {"command_name": "debug", "command_success": false, "command_wall_clock_time": 0.6940898, "process_in_blocks": "0", "process_kernel_time": 0.200179, "process_mem_max_rss": "152338432", "process_out_blocks": "0", "process_user_time": 1.003956}
[0m21:47:03.381036 [debug] [MainThread]: Command `dbt debug` failed at 21:47:03.380945 after 0.69 seconds
[0m21:47:03.381332 [debug] [MainThread]: Connection 'debug' was left open.
[0m21:47:03.381565 [debug] [MainThread]: On debug: No close available on handle
[0m21:47:03.381854 [debug] [MainThread]: Sending event: {'category': 'dbt', 'action': 'invocation', 'label': 'end', 'context': [<snowplow_tracker.self_describing_json.SelfDescribingJson object at 0x108717b30>, <snowplow_tracker.self_describing_json.SelfDescribingJson object at 0x106ba4a40>, <snowplow_tracker.self_describing_json.SelfDescribingJson object at 0x106ba4b00>]}
[0m21:47:03.382209 [debug] [MainThread]: Flushing usage events
[0m21:47:04.786750 [debug] [MainThread]: An error was encountered while trying to flush usage events
